Data uploaded successfully.
2024-08-27 22:14:49,955 - Watching for file changes with StatReloader
Data uploaded successfully.
2024-08-27 22:14:54,167 - Not Found: /
2024-08-27 22:14:54,575 - Not Found: /favicon.ico
Data uploaded successfully.
Data uploaded successfully.
Data uploaded successfully.
Data uploaded successfully.
Data uploaded successfully.
Data uploaded successfully.
No internet connection. Data queued.
Data uploaded successfully.
Data uploaded successfully.
Data uploaded successfully.
Data uploaded successfully.
2024-08-27 22:31:07,127 - Watching for file changes with StatReloader
Data uploaded successfully.
2024-08-27 22:31:09,859 - Not Found: /
Data uploaded successfully.
Data uploaded successfully.
Data uploaded successfully.
Data uploaded successfully.
Data uploaded successfully.
Data uploaded successfully.
Data uploaded successfully.
Data uploaded successfully.
Data uploaded successfully.
Data uploaded successfully.
Data uploaded successfully.
Data uploaded successfully.
Data uploaded successfully.
Data uploaded successfully.
Data uploaded successfully.
Data uploaded successfully.
Data uploaded successfully.
Data uploaded successfully.
Data uploaded successfully.
2024-08-28 19:39:38,081 - Watching for file changes with StatReloader
Data uploaded successfully.
Data uploaded successfully.
2024-08-28 19:39:41,188 - Not Found: /
Data uploaded successfully.
Data uploaded successfully.
Data uploaded successfully.
Data uploaded successfully.
Data uploaded successfully.
Data uploaded successfully.
2024-08-28 19:40:15,463 - Not Found: /
Data uploaded successfully.
Data uploaded successfully.
2024-08-28 19:40:27,748 - C:\Users\anney\OneDrive\Documents\VinoveProject\myproject\myproject\urls.py changed, reloading.
2024-08-28 19:40:29,508 - Watching for file changes with StatReloader
Data uploaded successfully.
Data uploaded successfully.
Data uploaded successfully.
Data uploaded successfully.
2024-08-28 19:40:49,536 - C:\Users\anney\OneDrive\Documents\VinoveProject\myproject\myproject\settings.py changed, reloading.
2024-08-28 19:40:51,181 - Watching for file changes with StatReloader
Data uploaded successfully.
Data uploaded successfully.
Data uploaded successfully.
Data uploaded successfully.
Data uploaded successfully.
Data uploaded successfully.
Data uploaded successfully.
Data uploaded successfully.
Data uploaded successfully.
Data uploaded successfully.
Data uploaded successfully.
2024-08-28 19:41:52,337 - C:\Users\anney\OneDrive\Documents\VinoveProject\myproject\myproject\urls.py changed, reloading.
2024-08-28 19:41:53,952 - Watching for file changes with StatReloader
Data uploaded successfully.
Data uploaded successfully.
2024-08-28 19:42:00,925 - C:\Users\anney\OneDrive\Documents\VinoveProject\myproject\myproject\urls.py changed, reloading.
2024-08-28 19:42:02,573 - Watching for file changes with StatReloader
2024-08-28 19:42:03,998 - C:\Users\anney\OneDrive\Documents\VinoveProject\myproject\myproject\urls.py changed, reloading.
2024-08-28 19:42:05,600 - Watching for file changes with StatReloader
Data uploaded successfully.
Data uploaded successfully.
2024-08-28 19:43:50,981 - Watching for file changes with StatReloader
Data uploaded successfully.
Data uploaded successfully.
Data uploaded successfully.
Data uploaded successfully.
Data uploaded successfully.
Data uploaded successfully.
2024-08-28 19:44:22,061 - C:\Users\anney\OneDrive\Documents\VinoveProject\myproject\myproject\urls.py changed, reloading.
2024-08-28 19:44:23,732 - Watching for file changes with StatReloader
Data uploaded successfully.
Data uploaded successfully.
2024-08-28 19:44:27,933 - Internal Server Error: /
Traceback (most recent call last):
  File "C:\Users\anney\OneDrive\Documents\VinoveProject\venv\Lib\site-packages\django\core\handlers\exception.py", line 55, in inner
    response = get_response(request)
               ^^^^^^^^^^^^^^^^^^^^^
  File "C:\Users\anney\OneDrive\Documents\VinoveProject\venv\Lib\site-packages\django\core\handlers\base.py", line 197, in _get_response
    response = wrapped_callback(request, *callback_args, **callback_kwargs)
               ^^^^^^^^^^^^^^^^^^^^^^^^^^^^^^^^^^^^^^^^^^^^^^^^^^^^^^^^^^^^
  File "C:\Users\anney\OneDrive\Documents\VinoveProject\myproject\myproject\views.py", line 4, in home
    return render(request, 'home.html')
           ^^^^^^^^^^^^^^^^^^^^^^^^^^^^
  File "C:\Users\anney\OneDrive\Documents\VinoveProject\venv\Lib\site-packages\django\shortcuts.py", line 25, in render
    content = loader.render_to_string(template_name, context, request, using=using)
              ^^^^^^^^^^^^^^^^^^^^^^^^^^^^^^^^^^^^^^^^^^^^^^^^^^^^^^^^^^^^^^^^^^^^^
  File "C:\Users\anney\OneDrive\Documents\VinoveProject\venv\Lib\site-packages\django\template\loader.py", line 61, in render_to_string
    template = get_template(template_name, using=using)
               ^^^^^^^^^^^^^^^^^^^^^^^^^^^^^^^^^^^^^^^^
  File "C:\Users\anney\OneDrive\Documents\VinoveProject\venv\Lib\site-packages\django\template\loader.py", line 19, in get_template
    raise TemplateDoesNotExist(template_name, chain=chain)
django.template.exceptions.TemplateDoesNotExist: home.html
Data uploaded successfully.
Data uploaded successfully.
2024-08-28 19:44:48,413 - C:\Users\anney\OneDrive\Documents\VinoveProject\myproject\myproject\views.py changed, reloading.
2024-08-28 19:44:50,078 - Watching for file changes with StatReloader
Data uploaded successfully.
Data uploaded successfully.
Data uploaded successfully.
Data uploaded successfully.
Data uploaded successfully.
Data uploaded successfully.
Data uploaded successfully.
Data uploaded successfully.
Data uploaded successfully.
Data uploaded successfully.
Data uploaded successfully.
Data uploaded successfully.
Data uploaded successfully.
Data uploaded successfully.
Data uploaded successfully.
Data uploaded successfully.
Data uploaded successfully.
Data uploaded successfully.
Data uploaded successfully.
Data uploaded successfully.
Data uploaded successfully.
Data uploaded successfully.
2024-08-28 19:46:54,193 - C:\Users\anney\OneDrive\Documents\VinoveProject\myproject\activity_tracker\views.py changed, reloading.
2024-08-28 19:46:55,871 - Watching for file changes with StatReloader
Data uploaded successfully.
Data uploaded successfully.
Data uploaded successfully.
Data uploaded successfully.
Data uploaded successfully.
Data uploaded successfully.
Data uploaded successfully.
Data uploaded successfully.
Data uploaded successfully.
Data uploaded successfully.
Data uploaded successfully.
Data uploaded successfully.
Data uploaded successfully.
Data uploaded successfully.
Data uploaded successfully.
Data uploaded successfully.
Data uploaded successfully.
Data uploaded successfully.
Data uploaded successfully.
Data uploaded successfully.
Data uploaded successfully.
Data uploaded successfully.
Data uploaded successfully.
Data uploaded successfully.
Data uploaded successfully.
Data uploaded successfully.
Data uploaded successfully.
Data uploaded successfully.
Data uploaded successfully.
Data uploaded successfully.
Data uploaded successfully.
Data uploaded successfully.
Data uploaded successfully.
Data uploaded successfully.
Data uploaded successfully.
Data uploaded successfully.
Data uploaded successfully.
Data uploaded successfully.
Data uploaded successfully.
Data uploaded successfully.
Data uploaded successfully.
Data uploaded successfully.
Data uploaded successfully.
Data uploaded successfully.
Data uploaded successfully.
Data uploaded successfully.
Data uploaded successfully.
Data uploaded successfully.
Data uploaded successfully.
Data uploaded successfully.
Data uploaded successfully.
Data uploaded successfully.
Data uploaded successfully.
Data uploaded successfully.
Data uploaded successfully.
Data uploaded successfully.
Data uploaded successfully.
Data uploaded successfully.
Data uploaded successfully.
Data uploaded successfully.
Data uploaded successfully.
Data uploaded successfully.
Data uploaded successfully.
Data uploaded successfully.
Data uploaded successfully.
Data uploaded successfully.
Data uploaded successfully.
Data uploaded successfully.
2024-08-28 23:08:36,617 - Watching for file changes with StatReloader
Data uploaded successfully.
Data uploaded successfully.
2024-08-28 23:08:40,315 - Not Found: /favicon.ico
Data uploaded successfully.
Data uploaded successfully.
Data uploaded successfully.
Data uploaded successfully.
Data uploaded successfully.
Data uploaded successfully.
Data uploaded successfully.
Data uploaded successfully.
Data uploaded successfully.
Data uploaded successfully.
Data uploaded successfully.
Data uploaded successfully.
Data uploaded successfully.
Data uploaded successfully.
2024-08-31 16:50:24,056 - Watching for file changes with StatReloader
Data uploaded successfully.
Data uploaded successfully.
2024-08-31 16:50:28,632 - Not Found: /favicon.ico
Data uploaded successfully.
Data uploaded successfully.
Data uploaded successfully.
Data uploaded successfully.
Data uploaded successfully.
Data uploaded successfully.
Data uploaded successfully.
Data uploaded successfully.
Data uploaded successfully.
Data uploaded successfully.
Data uploaded successfully.
Data uploaded successfully.
Data uploaded successfully.
Data uploaded successfully.
Data uploaded successfully.
Data uploaded successfully.
Data uploaded successfully.
Data uploaded successfully.
Data uploaded successfully.
Data uploaded successfully.
Data uploaded successfully.
Data uploaded successfully.
Data uploaded successfully.
Data uploaded successfully.
Data uploaded successfully.
Data uploaded successfully.
Data uploaded successfully.
Data uploaded successfully.
Data uploaded successfully.
Data uploaded successfully.
Data uploaded successfully.
Data uploaded successfully.
Data uploaded successfully.
Data uploaded successfully.
Data uploaded successfully.
Data uploaded successfully.
Data uploaded successfully.
Data uploaded successfully.
Data uploaded successfully.
Data uploaded successfully.
Data uploaded successfully.
Data uploaded successfully.
Data uploaded successfully.
Data uploaded successfully.
Data uploaded successfully.
Data uploaded successfully.
Data uploaded successfully.
Data uploaded successfully.
Data uploaded successfully.
Data uploaded successfully.
Data uploaded successfully.
Data uploaded successfully.
Data uploaded successfully.
Data uploaded successfully.
Data uploaded successfully.
Data uploaded successfully.
Data uploaded successfully.
Data uploaded successfully.
Data uploaded successfully.
Data uploaded successfully.
Data uploaded successfully.
Data uploaded successfully.
Data uploaded successfully.
Data uploaded successfully.
Data uploaded successfully.
Data uploaded successfully.
Data uploaded successfully.
Data uploaded successfully.
Data uploaded successfully.
Data uploaded successfully.
Data uploaded successfully.
Data uploaded successfully.
Data uploaded successfully.
Data uploaded successfully.
Data uploaded successfully.
Data uploaded successfully.
Data uploaded successfully.
Data uploaded successfully.
Data uploaded successfully.
Data uploaded successfully.
Data uploaded successfully.
Data uploaded successfully.
Data uploaded successfully.
Data uploaded successfully.
Data uploaded successfully.
Data uploaded successfully.
Data uploaded successfully.
Data uploaded successfully.
Data uploaded successfully.
Data uploaded successfully.
Data uploaded successfully.
Data uploaded successfully.
Data uploaded successfully.
Data uploaded successfully.
Data uploaded successfully.
Data uploaded successfully.
Data uploaded successfully.
Data uploaded successfully.
Data uploaded successfully.
Data uploaded successfully.
Data uploaded successfully.
Data uploaded successfully.
Data uploaded successfully.
Data uploaded successfully.
Data uploaded successfully.
Data uploaded successfully.
Data uploaded successfully.
Data uploaded successfully.
Data uploaded successfully.
Data uploaded successfully.
Data uploaded successfully.
Data uploaded successfully.
Data uploaded successfully.
Data uploaded successfully.
2024-08-31 17:21:20,620 - Watching for file changes with StatReloader
Data uploaded successfully.
Data uploaded successfully.
